Grammar

    0 $accept: Start $end

    1 Start: Expr

    2 Expr: A
    3     | B
    4     | TURN OB Expr CB
    5     | SEW OB Expr COM Expr CB


Terminals, with rules where they appear

$end (0) 0
error (256)
TURN (258) 4
SEW (259) 5
A (260) 2
B (261) 3
OB (262) 4 5
CB (263) 4 5
COM (264) 5


Nonterminals, with rules where they appear

$accept (10)
    on left: 0
Start (11)
    on left: 1, on right: 0
Expr (12)
    on left: 2 3 4 5, on right: 1 4 5


State 0

    0 $accept: . Start $end

    TURN  shift, and go to state 1
    SEW   shift, and go to state 2
    A     shift, and go to state 3
    B     shift, and go to state 4

    Start  go to state 5
    Expr   go to state 6


State 1

    4 Expr: TURN . OB Expr CB

    OB  shift, and go to state 7


State 2

    5 Expr: SEW . OB Expr COM Expr CB

    OB  shift, and go to state 8


State 3

    2 Expr: A .

    $default  reduce using rule 2 (Expr)


State 4

    3 Expr: B .

    $default  reduce using rule 3 (Expr)


State 5

    0 $accept: Start . $end

    $end  shift, and go to state 9


State 6

    1 Start: Expr .

    $default  reduce using rule 1 (Start)


State 7

    4 Expr: TURN OB . Expr CB

    TURN  shift, and go to state 1
    SEW   shift, and go to state 2
    A     shift, and go to state 3
    B     shift, and go to state 4

    Expr  go to state 10


State 8

    5 Expr: SEW OB . Expr COM Expr CB

    TURN  shift, and go to state 1
    SEW   shift, and go to state 2
    A     shift, and go to state 3
    B     shift, and go to state 4

    Expr  go to state 11


State 9

    0 $accept: Start $end .

    $default  accept


State 10

    4 Expr: TURN OB Expr . CB

    CB  shift, and go to state 12


State 11

    5 Expr: SEW OB Expr . COM Expr CB

    COM  shift, and go to state 13


State 12

    4 Expr: TURN OB Expr CB .

    $default  reduce using rule 4 (Expr)


State 13

    5 Expr: SEW OB Expr COM . Expr CB

    TURN  shift, and go to state 1
    SEW   shift, and go to state 2
    A     shift, and go to state 3
    B     shift, and go to state 4

    Expr  go to state 14


State 14

    5 Expr: SEW OB Expr COM Expr . CB

    CB  shift, and go to state 15


State 15

    5 Expr: SEW OB Expr COM Expr CB .

    $default  reduce using rule 5 (Expr)
