Terminals unused in grammar

   SYNERROR


Grammar

    0 $accept: Start $end

    1 Start: Expr

    2 Expr: TURN OB Expr CB
    3     | SEW OB Expr COM Expr CB
    4     | A
    5     | B


Terminals, with rules where they appear

$end (0) 0
error (256)
SYNERROR (258)
TURN (259) 2
SEW (260) 3
A (261) 4
B (262) 5
OB (263) 2 3
CB (264) 2 3
COM (265) 3


Nonterminals, with rules where they appear

$accept (11)
    on left: 0
Start (12)
    on left: 1, on right: 0
Expr (13)
    on left: 2 3 4 5, on right: 1 2 3


State 0

    0 $accept: . Start $end

    TURN  shift, and go to state 1
    SEW   shift, and go to state 2
    A     shift, and go to state 3
    B     shift, and go to state 4

    Start  go to state 5
    Expr   go to state 6


State 1

    2 Expr: TURN . OB Expr CB

    OB  shift, and go to state 7


State 2

    3 Expr: SEW . OB Expr COM Expr CB

    OB  shift, and go to state 8


State 3

    4 Expr: A .

    $default  reduce using rule 4 (Expr)


State 4

    5 Expr: B .

    $default  reduce using rule 5 (Expr)


State 5

    0 $accept: Start . $end

    $end  shift, and go to state 9


State 6

    1 Start: Expr .

    $default  reduce using rule 1 (Start)


State 7

    2 Expr: TURN OB . Expr CB

    TURN  shift, and go to state 1
    SEW   shift, and go to state 2
    A     shift, and go to state 3
    B     shift, and go to state 4

    Expr  go to state 10


State 8

    3 Expr: SEW OB . Expr COM Expr CB

    TURN  shift, and go to state 1
    SEW   shift, and go to state 2
    A     shift, and go to state 3
    B     shift, and go to state 4

    Expr  go to state 11


State 9

    0 $accept: Start $end .

    $default  accept


State 10

    2 Expr: TURN OB Expr . CB

    CB  shift, and go to state 12


State 11

    3 Expr: SEW OB Expr . COM Expr CB

    COM  shift, and go to state 13


State 12

    2 Expr: TURN OB Expr CB .

    $default  reduce using rule 2 (Expr)


State 13

    3 Expr: SEW OB Expr COM . Expr CB

    TURN  shift, and go to state 1
    SEW   shift, and go to state 2
    A     shift, and go to state 3
    B     shift, and go to state 4

    Expr  go to state 14


State 14

    3 Expr: SEW OB Expr COM Expr . CB

    CB  shift, and go to state 15


State 15

    3 Expr: SEW OB Expr COM Expr CB .

    $default  reduce using rule 3 (Expr)
